<?xml version="1.0" encoding="UTF-8"?>
<coverage generated="1568257240710" clover="3.2.0">
  <project timestamp="1568257240710" name="All files">
    <metrics statements="21" coveredstatements="20" conditionals="9" coveredconditionals="4" methods="4" coveredmethods="3" elements="34" coveredelements="27" complexity="0" loc="21" ncloc="21" packages="2" files="2" classes="2">
      <package name="examples.components">
        <metrics statements="3" coveredstatements="3" conditionals="0" coveredconditionals="0" methods="0" coveredmethods="0"/>
        <file name="HelloWorld.vue" path="F:\albatro-ui\examples\components\HelloWorld.vue">
          <metrics statements="3" coveredstatements="3" conditionals="0" coveredconditionals="0" methods="0" coveredmethods="0"/>
          <line num="106" count="1" type="stmt"/>
          <line num="109" count="2" type="stmt"/>
          <line num="110" count="1" type="stmt"/>
        </file>
      </package>
      <package name="packages.button.src">
        <metrics statements="18" coveredstatements="17" conditionals="9" coveredconditionals="4" methods="4" coveredmethods="3"/>
        <file name="button.vue" path="F:\albatro-ui\packages\button\src\button.vue">
          <metrics statements="18" coveredstatements="17" conditionals="9" coveredconditionals="4" methods="4" coveredmethods="3"/>
          <line num="29" count="1" type="stmt"/>
          <line num="32" count="2" type="stmt"/>
          <line num="33" count="1" type="stmt"/>
          <line num="34" count="1" type="stmt"/>
          <line num="35" count="1" type="stmt"/>
          <line num="36" count="1" type="stmt"/>
          <line num="37" count="1" type="stmt"/>
          <line num="38" count="1" type="stmt"/>
          <line num="39" count="1" type="stmt"/>
          <line num="40" count="1" type="stmt"/>
          <line num="41" count="1" type="stmt"/>
          <line num="42" count="1" type="stmt"/>
          <line num="44" count="1" type="stmt"/>
          <line num="45" count="1" type="stmt"/>
          <line num="48" count="0" type="cond" truecount="0" falsecount="2"/>
          <line num="52" count="12" type="cond" truecount="2" falsecount="3"/>
          <line num="58" count="12" type="cond" truecount="2" falsecount="0"/>
          <line num="62" count="1" type="stmt"/>
        </file>
      </package>
    </metrics>
  </project>
</coverage>
