{"F:\\albatro-ui\\examples\\components\\HelloWorld.vue": {"path":"F:\\albatro-ui\\examples\\components\\HelloWorld.vue","statementMap":{"0":{"start":{"line":106,"column":0},"end":{"line":null,"column":-1}},"1":{"start":{"line":109,"column":0},"end":{"line":null,"column":-1}},"2":{"start":{"line":110,"column":0},"end":{"line":null,"column":-1}}},"fnMap":{},"branchMap":{},"s":{"0":1,"1":2,"2":1},"f":{},"b":{}}
,"F:\\albatro-ui\\packages\\button\\src\\button.vue": {"path":"F:\\albatro-ui\\packages\\button\\src\\button.vue","statementMap":{"0":{"start":{"line":29,"column":0},"end":{"line":null,"column":-1}},"1":{"start":{"line":32,"column":0},"end":{"line":null,"column":-1}},"2":{"start":{"line":48,"column":0},"end":{"line":null,"column":-1}},"3":{"start":{"line":52,"column":0},"end":{"line":null,"column":-1}},"4":{"start":{"line":58,"column":0},"end":{"line":null,"column":-1}},"5":{"start":{"line":62,"column":0},"end":{"line":null,"column":-1}},"6":{"start":{"line":33,"column":0},"end":{"line":null,"column":-1}},"7":{"start":{"line":34,"column":0},"end":{"line":null,"column":-1}},"8":{"start":{"line":35,"column":0},"end":{"line":null,"column":-1}},"9":{"start":{"line":36,"column":0},"end":{"line":null,"column":-1}},"10":{"start":{"line":37,"column":0},"end":{"line":null,"column":-1}},"11":{"start":{"line":38,"column":0},"end":{"line":null,"column":-1}},"12":{"start":{"line":39,"column":0},"end":{"line":null,"column":-1}},"13":{"start":{"line":40,"column":0},"end":{"line":null,"column":-1}},"14":{"start":{"line":41,"column":0},"end":{"line":null,"column":-1}},"15":{"start":{"line":42,"column":0},"end":{"line":null,"column":-1}},"16":{"start":{"line":44,"column":0},"end":{"line":null,"column":-1}},"17":{"start":{"line":45,"column":0},"end":{"line":null,"column":-1}}},"fnMap":{"0":{"name":"(anonymous_1)","decl":{"start":{"line":47,"column":0},"end":{"line":null,"column":-1}},"loc":{"start":{"line":47,"column":0},"end":{"line":49,"column":0}}},"1":{"name":"(anonymous_2)","decl":{"start":{"line":51,"column":0},"end":{"line":null,"column":-1}},"loc":{"start":{"line":51,"column":0},"end":{"line":55,"column":0}}},"2":{"name":"(anonymous_3)","decl":{"start":{"line":57,"column":0},"end":{"line":null,"column":-1}},"loc":{"start":{"line":57,"column":0},"end":{"line":59,"column":0}}},"3":{"name":"(anonymous_4)","decl":{"start":{"line":61,"column":0},"end":{"line":null,"column":-1}},"loc":{"start":{"line":61,"column":0},"end":{"line":63,"column":0}}}},"branchMap":{"0":{"loc":{"start":{"line":48,"column":0},"end":{"line":null,"column":-1}},"type":"binary-expr","locations":[{"start":{"line":48,"column":0},"end":{"line":null,"column":-1}},{"start":{"line":48,"column":0},"end":{"line":null,"column":-1}}]},"1":{"loc":{"start":{"line":52,"column":0},"end":{"line":null,"column":-1}},"type":"binary-expr","locations":[{"start":{"line":52,"column":0},"end":{"line":null,"column":-1}},{"start":{"line":52,"column":0},"end":{"line":null,"column":-1}},{"start":{"line":52,"column":0},"end":{"line":null,"column":-1}}]},"2":{"loc":{"start":{"line":52,"column":0},"end":{"line":null,"column":-1}},"type":"binary-expr","locations":[{"start":{"line":52,"column":0},"end":{"line":null,"column":-1}},{"start":{"line":52,"column":0},"end":{"line":null,"column":-1}}]},"3":{"loc":{"start":{"line":58,"column":0},"end":{"line":null,"column":-1}},"type":"binary-expr","locations":[{"start":{"line":58,"column":0},"end":{"line":null,"column":-1}},{"start":{"line":58,"column":0},"end":{"line":null,"column":-1}}]}},"s":{"0":1,"1":2,"2":0,"3":12,"4":12,"5":1,"6":1,"7":1,"8":1,"9":1,"10":1,"11":1,"12":1,"13":1,"14":1,"15":1,"16":1,"17":1},"f":{"0":0,"1":12,"2":12,"3":1},"b":{"0":[0,0],"1":[12,11,0],"2":[0,0],"3":[23,22]}}
}
