TN:
SF:F:\albatro-ui\examples\components\HelloWorld.vue
FNF:0
FNH:0
DA:106,1
DA:109,2
DA:110,1
LF:3
LH:3
BRF:0
BRH:0
end_of_record
TN:
SF:F:\albatro-ui\packages\button\src\button.vue
FN:47,(anonymous_1)
FN:51,(anonymous_2)
FN:57,(anonymous_3)
FN:61,(anonymous_4)
FNF:4
FNH:3
FNDA:0,(anonymous_1)
FNDA:12,(anonymous_2)
FNDA:12,(anonymous_3)
FNDA:1,(anonymous_4)
DA:29,1
DA:32,2
DA:33,1
DA:34,1
DA:35,1
DA:36,1
DA:37,1
DA:38,1
DA:39,1
DA:40,1
DA:41,1
DA:42,1
DA:44,1
DA:45,1
DA:48,0
DA:52,12
DA:58,12
DA:62,1
LF:18
LH:17
BRDA:48,0,0,0
BRDA:48,0,1,0
BRDA:52,1,0,12
BRDA:52,1,1,11
BRDA:52,1,2,0
BRDA:52,2,0,0
BRDA:52,2,1,0
BRDA:58,3,0,23
BRDA:58,3,1,22
BRF:9
BRH:4
end_of_record
